\BOOKMARK [0][-]{chapter.1}{\376\377\000O\000v\000e\000r\000v\000i\000e\000w\000\040\000a\000n\000d\000\040\000I\000n\000s\000t\000a\000l\000l\000a\000t\000i\000o\000n}{}% 1
\BOOKMARK [1][-]{section.1.1}{\376\377\000O\000v\000e\000r\000v\000i\000e\000w}{chapter.1}% 2
\BOOKMARK [1][-]{section.1.2}{\376\377\000I\000n\000s\000t\000a\000l\000l\000a\000t\000i\000o\000n}{chapter.1}% 3
\BOOKMARK [0][-]{chapter.2}{\376\377\000U\000s\000a\000g\000e}{}% 4
\BOOKMARK [1][-]{section.2.1}{\376\377\000M\000L\000P\000\040\000E\000x\000a\000m\000p\000l\000e}{chapter.2}% 5
\BOOKMARK [1][-]{section.2.2}{\376\377\000X\000G\000B\000o\000o\000s\000t\000\040\000E\000x\000a\000m\000p\000l\000e}{chapter.2}% 6
\BOOKMARK [1][-]{section.2.3}{\376\377\000U\000s\000e\000r\000\040\000I\000n\000p\000u\000t}{chapter.2}% 7
\BOOKMARK [1][-]{section.2.4}{\376\377\000T\000r\000a\000i\000n\000i\000n\000g\000\040\000d\000e\000t\000a\000i\000l\000s}{chapter.2}% 8
\BOOKMARK [0][-]{chapter.3}{\376\377\000F\000u\000n\000c\000t\000i\000o\000n\000s}{}% 9
\BOOKMARK [1][-]{section.3.1}{\376\377\000M\000L\000\040\000A\000l\000g\000o\000r\000i\000t\000h\000m\000s\000\040\000F\000u\000n\000c\000t\000i\000o\000n\000s}{chapter.3}% 10
\BOOKMARK [1][-]{section.3.2}{\376\377\000S\000e\000l\000e\000c\000t\000i\000o\000n\000\040\000F\000u\000n\000c\000t\000i\000o\000n\000s}{chapter.3}% 11
\BOOKMARK [0][-]{chapter.4}{\376\377\000S\000u\000m\000m\000a\000r\000y}{}% 12
\BOOKMARK [0][-]{chapter.5}{\376\377\000F\000u\000t\000u\000r\000e\000\040\000W\000o\000r\000k}{}% 13
\BOOKMARK [1][-]{section.5.1}{\376\377\000A\000d\000d\000i\000t\000i\000o\000n\000a\000l\000\040\000P\000a\000r\000a\000m\000e\000t\000e\000r\000s}{chapter.5}% 14
\BOOKMARK [1][-]{section.5.2}{\376\377\000N\000e\000w\000\040\000A\000l\000g\000o\000r\000i\000t\000h\000m\000s}{chapter.5}% 15
\BOOKMARK [1][-]{section.5.3}{\376\377\000C\000r\000o\000s\000s\000v\000a\000l\000i\000d\000a\000t\000i\000o\000n}{chapter.5}% 16
\BOOKMARK [1][-]{section.5.4}{\376\377\000M\000u\000l\000t\000i\000-\000C\000l\000a\000s\000s\000\040\000C\000l\000a\000s\000s\000i\000f\000i\000c\000a\000t\000i\000o\000n}{chapter.5}% 17
\BOOKMARK [0][-]{chapter.6}{\376\377\000C\000o\000n\000t\000r\000i\000b\000u\000t\000i\000n\000g}{}% 18
\BOOKMARK [0][-]{chapter.7}{\376\377\000L\000i\000c\000e\000n\000s\000e}{}% 19
\BOOKMARK [0][-]{chapter.8}{\376\377\000I\000n\000d\000i\000c\000e\000s\000\040\000a\000n\000d\000\040\000t\000a\000b\000l\000e\000s}{}% 20
\BOOKMARK [0][-]{section*.17}{\376\377\000I\000n\000d\000e\000x}{}% 21
